<?xml version="1.0" encoding="UTF-8"?>
<!-- Generated by org.testng.reporters.JUnitXMLReporter -->
<testsuite ignored="0" hostname="ArunMotoori" failures="11" tests="52" name="Test" time="655.884" errors="0" timestamp="2024-12-20T16:10:14 IST">
  <testcase classname="tutorialsninja.tests.Register" name="verifyRegisteringWithMandatoryFields" time="2.417"/>
  <testcase classname="tutorialsninja.tests.Register" name="verifyConfirmationEmail" time="8.2">
    <failure type="java.lang.AssertionError" message="expected [true] but found [false]">
      <![CDATA[java.lang.AssertionError: expected [true] but found [false]
at tutorialsninja.tests.Register.verifyConfirmationEmail(Register.java:177)
at java.base/java.util.ArrayList.forEach(ArrayList.java:1596)
... Removed 29 stack frames]]>
    </failure>
  </testcase> <!-- verifyConfirmationEmail -->
  <testcase classname="tutorialsninja.tests.Register" name="verifyRegisterAccountWithAllFields" time="2.846"/>
  <testcase classname="tutorialsninja.tests.Register" name="verifyRegistringAccountWithoutFillFields" time="0.747"/>
  <testcase classname="tutorialsninja.tests.Register" name="verifyRegisteringAccountBySubscribingToNewsletter" time="2.758"/>
  <testcase classname="tutorialsninja.tests.Register" name="verifyRegisteringAccountBySayingNoToNewsletter" time="2.388"/>
  <testcase classname="tutorialsninja.tests.Register" name="verifyNavigatingToRegisterAccountUsingMultipleWay" time="2.636"/>
  <testcase classname="tutorialsninja.tests.Register" name="verifyRegisteringAccountByProvidingMismatchingPasswords" time="1.375"/>
  <testcase classname="tutorialsninja.tests.Register" name="verifyRegistringAccountUsingExistingEmail" time="1.345"/>
  <testcase classname="tutorialsninja.tests.Register" name="verifyRegisteringAccountWithInvalidEmails" time="14.799"/>
  <testcase classname="tutorialsninja.tests.Register" name="verifyRegisterAccountByProvidingInvalidTelephoneNumber" time="4.706">
    <failure type="java.lang.AssertionError" message="expected [true] but found [false]">
      <![CDATA[java.lang.AssertionError: expected [true] but found [false]
at tutorialsninja.tests.Register.verifyRegisterAccountByProvidingInvalidTelephoneNumber(Register.java:411)
at java.base/java.util.ArrayList.forEach(ArrayList.java:1596)
... Removed 29 stack frames]]>
    </failure>
  </testcase> <!-- verifyRegisterAccountByProvidingInvalidTelephoneNumber -->
  <testcase classname="tutorialsninja.tests.Register" name="verifyRegisteringAccountUsingKeyboardKeys" time="20.864"/>
  <testcase classname="tutorialsninja.tests.Register" name="verifyPlaceHoldersOfTextFieldsInRegisterAccountPage" time="0.054"/>
  <testcase classname="tutorialsninja.tests.Register" name="verifyMandatoryFieldsSymbolAndColorInRegisterAccountPage" time="0.128">
    <failure type="java.lang.AssertionError" message="expected [&amp;quot;* &amp;quot;] but found [none]">
      <![CDATA[java.lang.AssertionError: expected ["* "] but found [none]
at tutorialsninja.tests.Register.verifyMandatoryFieldsSymbolAndColorInRegisterAccountPage(Register.java:468)
at java.base/java.util.ArrayList.forEach(ArrayList.java:1596)
... Removed 31 stack frames]]>
    </failure>
  </testcase> <!-- verifyMandatoryFieldsSymbolAndColorInRegisterAccountPage -->
  <testcase classname="tutorialsninja.tests.Register" name="verifyDataTestingOfRegisteringAccount" time="1.159">
    <failure type="java.lang.AssertionError" message="expected [Arun] but found [null]">
      <![CDATA[java.lang.AssertionError: expected [Arun] but found [null]
at tutorialsninja.tests.Register.verifyDataTestingOfRegisteringAccount(Register.java:534)
at java.base/java.util.ArrayList.forEach(ArrayList.java:1596)
... Removed 31 stack frames]]>
    </failure>
  </testcase> <!-- verifyDataTestingOfRegisteringAccount -->
  <testcase classname="tutorialsninja.tests.Register" name="verifyRegisteringAccountWithOnlySpaces" time="1.077"/>
  <testcase classname="tutorialsninja.tests.Register" name="verifyRegisteringAccountAndCheckingPasswordComplexityStandards" time="4.51">
    <failure type="java.lang.AssertionError" message="expected [true] but found [false]">
      <![CDATA[java.lang.AssertionError: expected [true] but found [false]
at tutorialsninja.tests.Register.verifyRegisteringAccountAndCheckingPasswordComplexityStandards(Register.java:597)
at java.base/java.util.ArrayList.forEach(ArrayList.java:1596)
... Removed 29 stack frames]]>
    </failure>
  </testcase> <!-- verifyRegisteringAccountAndCheckingPasswordComplexityStandards -->
  <testcase classname="tutorialsninja.tests.Register" name="verifyRegisteringAccountAndCheckingPasswordComplexityStandards" time="4.526">
    <failure type="java.lang.AssertionError" message="expected [true] but found [false]">
      <![CDATA[java.lang.AssertionError: expected [true] but found [false]
at tutorialsninja.tests.Register.verifyRegisteringAccountAndCheckingPasswordComplexityStandards(Register.java:597)
at java.base/java.util.ArrayList.forEach(ArrayList.java:1596)
... Removed 29 stack frames]]>
    </failure>
  </testcase> <!-- verifyRegisteringAccountAndCheckingPasswordComplexityStandards -->
  <testcase classname="tutorialsninja.tests.Register" name="verifyRegisteringAccountAndCheckingPasswordComplexityStandards" time="4.581">
    <failure type="java.lang.AssertionError" message="expected [true] but found [false]">
      <![CDATA[java.lang.AssertionError: expected [true] but found [false]
at tutorialsninja.tests.Register.verifyRegisteringAccountAndCheckingPasswordComplexityStandards(Register.java:597)
at java.base/java.util.ArrayList.forEach(ArrayList.java:1596)
... Removed 29 stack frames]]>
    </failure>
  </testcase> <!-- verifyRegisteringAccountAndCheckingPasswordComplexityStandards -->
  <testcase classname="tutorialsninja.tests.Register" name="verifyRegisteringAccountAndCheckingPasswordComplexityStandards" time="4.765">
    <failure type="java.lang.AssertionError" message="expected [true] but found [false]">
      <![CDATA[java.lang.AssertionError: expected [true] but found [false]
at tutorialsninja.tests.Register.verifyRegisteringAccountAndCheckingPasswordComplexityStandards(Register.java:597)
at java.base/java.util.ArrayList.forEach(ArrayList.java:1596)
... Removed 29 stack frames]]>
    </failure>
  </testcase> <!-- verifyRegisteringAccountAndCheckingPasswordComplexityStandards -->
  <testcase classname="tutorialsninja.tests.Register" name="verifyRegisteringAccountAndCheckingPasswordComplexityStandards" time="4.9">
    <failure type="java.lang.AssertionError" message="expected [true] but found [false]">
      <![CDATA[java.lang.AssertionError: expected [true] but found [false]
at tutorialsninja.tests.Register.verifyRegisteringAccountAndCheckingPasswordComplexityStandards(Register.java:597)
at java.base/java.util.ArrayList.forEach(ArrayList.java:1596)
... Removed 29 stack frames]]>
    </failure>
  </testcase> <!-- verifyRegisteringAccountAndCheckingPasswordComplexityStandards -->
  <testcase classname="tutorialsninja.tests.Register" name="verifyRegisteringAccountFieldsHeightWidthAligment" time="73.566">
    <failure type="java.lang.AssertionError" message="expected [true] but found [false]">
      <![CDATA[java.lang.AssertionError: expected [true] but found [false]
at tutorialsninja.tests.Register.verifyRegisteringAccountFieldsHeightWidthAligment(Register.java:833)
at java.base/java.util.ArrayList.forEach(ArrayList.java:1596)
... Removed 29 stack frames]]>
    </failure>
  </testcase> <!-- verifyRegisteringAccountFieldsHeightWidthAligment -->
  <testcase classname="tutorialsninja.tests.Register" name="verifyLeadingAndTrailingSpacesWhileRegisteringAccount" time="0.993"/>
  <testcase classname="tutorialsninja.tests.Register" name="verifyPrivacyPolicyFieldOnRegisterAccountPage" time="0.02"/>
  <testcase classname="tutorialsninja.tests.Register" name="verifyRegisteringAccountWithoutPrivacyPolicySelection" time="0.755"/>
  <testcase classname="tutorialsninja.tests.Register" name="verifyVisibiltyTogglineOfPasswordsFieldsOnRegisterAccount" time="0.066"/>
  <testcase classname="tutorialsninja.tests.Register" name="verifyWorkingOfEveryLinkOnRegisterAccountPage" time="29.313"/>
  <testcase classname="tutorialsninja.tests.Register" name="verifyRegisteringAccountWithoutEnteringPasswordIntoPasswordConfirmField" time="1.24"/>
  <testcase classname="tutorialsninja.tests.Register" name="verifyBreadcrumbURLHeadingTitleOfRegisterAccountPage" time="0.043"/>
  <testcase classname="tutorialsninja.tests.Register" name="verifyUIOfRegisterAccountPage" time="0.399"/>
  <testcase classname="tutorialsninja.tests.Register" name="verifyRegisteringAccountInDifferentTestEnvironments" time="2.097"/>
  <testcase classname="tutorialsninja.tests.Login" name="verifyLoginWithValidCredentials" time="1.069"/>
  <testcase classname="tutorialsninja.tests.Login" name="verifyLoginWithInvalidCredentials" time="0.644"/>
  <testcase classname="tutorialsninja.tests.Login" name="verifyLoginWithInvalidEmailAndValidPassword" time="0.693"/>
  <testcase classname="tutorialsninja.tests.Login" name="verifyLoginWithValidEmailAndInvalidPassword" time="0.672"/>
  <testcase classname="tutorialsninja.tests.Login" name="verifyLoginWithoutCredentials" time="0.617"/>
  <testcase classname="tutorialsninja.tests.Login" name="verifyForgottendPasswordLinkOnLoginPage" time="0.813"/>
  <testcase classname="tutorialsninja.tests.Login" name="verifyLoggingIntoTheApplicationUsingKeyboardKeys" time="6.805"/>
  <testcase classname="tutorialsninja.tests.Login" name="verifyLoginFieldsPlaceholders" time="0.018"/>
  <testcase classname="tutorialsninja.tests.Login" name="verifyBrowserBackAfterLogin" time="1.584"/>
  <testcase classname="tutorialsninja.tests.Login" name="verifyBrowserBackAfterLoggingOut" time="2.459"/>
  <testcase classname="tutorialsninja.tests.Login" name="verifyLoginWithInactiveCredentials" time="0.654"/>
  <testcase classname="tutorialsninja.tests.Login" name="verifyNumberOfUnsuccessfulLoginAttemps" time="2.556"/>
  <testcase classname="tutorialsninja.tests.Login" name="verifyTextEnteredIntoPasswordFieldIsToggledToHideItsVisibility" time="0.021"/>
  <testcase classname="tutorialsninja.tests.Login" name="verifyCopyingOfTextEnteredIntoPasswordField" time="0.089"/>
  <testcase classname="tutorialsninja.tests.Login" name="verifyPasswordIsStoredInHTMLCodeOfThePage" time="0.618">
    <failure type="java.lang.AssertionError" message="expected [false] but found [true]">
      <![CDATA[java.lang.AssertionError: expected [false] but found [true]
at tutorialsninja.tests.Login.verifyPasswordIsStoredInHTMLCodeOfThePage(Login.java:217)
at java.base/java.util.ArrayList.forEach(ArrayList.java:1596)
... Removed 29 stack frames]]>
    </failure>
  </testcase> <!-- verifyPasswordIsStoredInHTMLCodeOfThePage -->
  <testcase classname="tutorialsninja.tests.Login" name="verifyLoggingIntoApplicationAfterChaningPassword" time="6.95"/>
  <testcase classname="tutorialsninja.tests.Login" name="verifyNavigatingToDifferentPagesFromLoginPage" time="25.391"/>
  <testcase classname="tutorialsninja.tests.Login" name="verifyDifferentWaysOfNavigatingToLoginPage" time="2.114"/>
  <testcase classname="tutorialsninja.tests.Login" name="verifyBreadCrumbPageHeadingTitleAndPageURLOfLoginPage" time="0.071"/>
  <testcase classname="tutorialsninja.tests.Login" name="verifyUIOfLoginPage" time="0.439"/>
  <testcase classname="tutorialsninja.tests.Login" name="verifyLoginFunctionalityInAllEnvironments" time="1.107"/>
</testsuite> <!-- Test -->
