<html>
<head>
<title>TestNG:  Test</title>
<link href="../testng.css" rel="stylesheet" type="text/css" />
<link href="../my-testng.css" rel="stylesheet" type="text/css" />

<style type="text/css">
.log { display: none;} 
.stack-trace { display: none;} 
</style>
<script type="text/javascript">
<!--
function flip(e) {
  current = e.style.display;
  if (current == 'block') {
    e.style.display = 'none';
    return 0;
  }
  else {
    e.style.display = 'block';
    return 1;
  }
}

function toggleBox(szDivId, elem, msg1, msg2)
{
  var res = -1;  if (document.getElementById) {
    res = flip(document.getElementById(szDivId));
  }
  else if (document.all) {
    // this is the way old msie versions work
    res = flip(document.all[szDivId]);
  }
  if(elem) {
    if(res == 0) elem.innerHTML = msg1; else elem.innerHTML = msg2;
  }

}

function toggleAllBoxes() {
  if (document.getElementsByTagName) {
    d = document.getElementsByTagName('div');
    for (i = 0; i < d.length; i++) {
      if (d[i].className == 'log') {
        flip(d[i]);
      }
    }
  }
}

// -->
</script>

</head>
<body>
<h2 align='center'>Test</h2><table border='1' align="center">
<tr>
<td>Tests passed/Failed/Skipped:</td><td>41/11/0</td>
</tr><tr>
<td>Started on:</td><td>Fri Dec 20 15:59:18 IST 2024</td>
</tr>
<tr><td>Total time:</td><td>655 seconds (655884 ms)</td>
</tr><tr>
<td>Included groups:</td><td></td>
</tr><tr>
<td>Excluded groups:</td><td></td>
</tr>
</table><p/>
<small><i>(Hover the method name to see the test class name)</i></small><p/>
<table width='100%' border='1' class='invocation-failed'>
<tr><td colspan='4' align='center'><b>FAILED TESTS</b></td></tr>
<tr><td><b>Test method</b></td>
<td><b>Attribute(s)</b></td>
<td width="30%"><b>Exception</b></td>
<td width="10%"><b>Time (seconds)</b></td>
<td><b>Instance</b></td>
</tr>
<tr>
<td title='tutorialsninja.tests.Register.verifyRegisteringAccountAndCheckingPasswordComplexityStandards()'><b>verifyRegisteringAccountAndCheckingPasswordComplexityStandards</b><br>Test class: tutorialsninja.tests.Register<br>Parameters: {Passwords=abcdefghi}</td>
<td><div><pre>java.lang.AssertionError: expected [true] but found [false]
	at tutorialsninja.tests.Register.verifyRegisteringAccountAndCheckingPasswordComplexityStandards(Register.java:597)
	at java.base/java.util.ArrayList.forEach(ArrayList.java:1596)
... Removed 29 stack frames</pre></div><a href='#' onClick='toggleBox("stack-trace874747059", this, "Click to show all stack frames", "Click to hide stack frames")'>Click to show all stack frames</a>
<div class='stack-trace' id='stack-trace874747059'><pre>java.lang.AssertionError: expected [true] but found [false]
	at org.testng.Assert.fail(Assert.java:111)
	at org.testng.Assert.failNotEquals(Assert.java:1578)
	at org.testng.Assert.assertTrue(Assert.java:57)
	at org.testng.Assert.assertTrue(Assert.java:67)
	at tutorialsninja.tests.Register.verifyRegisteringAccountAndCheckingPasswordComplexityStandards(Register.java:597)
	at java.base/jdk.internal.reflect.DirectMethodHandleAccessor.invoke(DirectMethodHandleAccessor.java:103)
	at java.base/java.lang.reflect.Method.invoke(Method.java:580)
	at org.testng.internal.invokers.MethodInvocationHelper.invokeMethod(MethodInvocationHelper.java:141)
	at org.testng.internal.invokers.TestInvoker.invokeMethod(TestInvoker.java:686)
	at org.testng.internal.invokers.TestInvoker.invokeTestMethod(TestInvoker.java:230)
	at org.testng.internal.invokers.MethodRunner.runInSequence(MethodRunner.java:63)
	at org.testng.internal.invokers.TestInvoker$MethodInvocationAgent.invoke(TestInvoker.java:992)
	at org.testng.internal.invokers.TestInvoker.invokeTestMethods(TestInvoker.java:203)
	at org.testng.internal.invokers.TestMethodWorker.invokeTestMethods(TestMethodWorker.java:154)
	at org.testng.internal.invokers.TestMethodWorker.run(TestMethodWorker.java:134)
	at java.base/java.util.ArrayList.forEach(ArrayList.java:1596)
	at org.testng.TestRunner.privateRun(TestRunner.java:739)
	at org.testng.TestRunner.run(TestRunner.java:614)
	at org.testng.SuiteRunner.runTest(SuiteRunner.java:421)
	at org.testng.SuiteRunner.runSequentially(SuiteRunner.java:413)
	at org.testng.SuiteRunner.privateRun(SuiteRunner.java:373)
	at org.testng.SuiteRunner.run(SuiteRunner.java:312)
	at org.testng.SuiteRunnerWorker.runSuite(SuiteRunnerWorker.java:52)
	at org.testng.SuiteRunnerWorker.run(SuiteRunnerWorker.java:95)
	at org.testng.TestNG.runSuitesSequentially(TestNG.java:1274)
	at org.testng.TestNG.runSuitesLocally(TestNG.java:1208)
	at org.testng.TestNG.runSuites(TestNG.java:1112)
	at org.testng.TestNG.run(TestNG.java:1079)
	at org.testng.remote.AbstractRemoteTestNG.run(AbstractRemoteTestNG.java:115)
	at org.testng.remote.RemoteTestNG.initAndRun(RemoteTestNG.java:293)
	at org.testng.remote.RemoteTestNG.main(RemoteTestNG.java:91)
</pre></div></td>
<td>4</td>
<td>tutorialsninja.tests.Register@33bc72d1</td></tr>
<tr>
<td title='tutorialsninja.tests.Register.verifyMandatoryFieldsSymbolAndColorInRegisterAccountPage()'><b>verifyMandatoryFieldsSymbolAndColorInRegisterAccountPage</b><br>Test class: tutorialsninja.tests.Register</td>
<td><div><pre>java.lang.AssertionError: expected [&quot;* &quot;] but found [none]
	at tutorialsninja.tests.Register.verifyMandatoryFieldsSymbolAndColorInRegisterAccountPage(Register.java:468)
	at java.base/java.util.ArrayList.forEach(ArrayList.java:1596)
... Removed 31 stack frames</pre></div><a href='#' onClick='toggleBox("stack-trace1263567729", this, "Click to show all stack frames", "Click to hide stack frames")'>Click to show all stack frames</a>
<div class='stack-trace' id='stack-trace1263567729'><pre>java.lang.AssertionError: expected [&quot;* &quot;] but found [none]
	at org.testng.Assert.fail(Assert.java:111)
	at org.testng.Assert.failNotEquals(Assert.java:1578)
	at org.testng.Assert.assertEqualsImpl(Assert.java:150)
	at org.testng.Assert.assertEquals(Assert.java:132)
	at org.testng.Assert.assertEquals(Assert.java:656)
	at org.testng.Assert.assertEquals(Assert.java:666)
	at tutorialsninja.tests.Register.verifyMandatoryFieldsSymbolAndColorInRegisterAccountPage(Register.java:468)
	at java.base/jdk.internal.reflect.DirectMethodHandleAccessor.invoke(DirectMethodHandleAccessor.java:103)
	at java.base/java.lang.reflect.Method.invoke(Method.java:580)
	at org.testng.internal.invokers.MethodInvocationHelper.invokeMethod(MethodInvocationHelper.java:141)
	at org.testng.internal.invokers.TestInvoker.invokeMethod(TestInvoker.java:686)
	at org.testng.internal.invokers.TestInvoker.invokeTestMethod(TestInvoker.java:230)
	at org.testng.internal.invokers.MethodRunner.runInSequence(MethodRunner.java:63)
	at org.testng.internal.invokers.TestInvoker$MethodInvocationAgent.invoke(TestInvoker.java:992)
	at org.testng.internal.invokers.TestInvoker.invokeTestMethods(TestInvoker.java:203)
	at org.testng.internal.invokers.TestMethodWorker.invokeTestMethods(TestMethodWorker.java:154)
	at org.testng.internal.invokers.TestMethodWorker.run(TestMethodWorker.java:134)
	at java.base/java.util.ArrayList.forEach(ArrayList.java:1596)
	at org.testng.TestRunner.privateRun(TestRunner.java:739)
	at org.testng.TestRunner.run(TestRunner.java:614)
	at org.testng.SuiteRunner.runTest(SuiteRunner.java:421)
	at org.testng.SuiteRunner.runSequentially(SuiteRunner.java:413)
	at org.testng.SuiteRunner.privateRun(SuiteRunner.java:373)
	at org.testng.SuiteRunner.run(SuiteRunner.java:312)
	at org.testng.SuiteRunnerWorker.runSuite(SuiteRunnerWorker.java:52)
	at org.testng.SuiteRunnerWorker.run(SuiteRunnerWorker.java:95)
	at org.testng.TestNG.runSuitesSequentially(TestNG.java:1274)
	at org.testng.TestNG.runSuitesLocally(TestNG.java:1208)
	at org.testng.TestNG.runSuites(TestNG.java:1112)
	at org.testng.TestNG.run(TestNG.java:1079)
	at org.testng.remote.AbstractRemoteTestNG.run(AbstractRemoteTestNG.java:115)
	at org.testng.remote.RemoteTestNG.initAndRun(RemoteTestNG.java:293)
	at org.testng.remote.RemoteTestNG.main(RemoteTestNG.java:91)
</pre></div></td>
<td>0</td>
<td>tutorialsninja.tests.Register@33bc72d1</td></tr>
<tr>
<td title='tutorialsninja.tests.Register.verifyRegisteringAccountAndCheckingPasswordComplexityStandards()'><b>verifyRegisteringAccountAndCheckingPasswordComplexityStandards</b><br>Test class: tutorialsninja.tests.Register<br>Parameters: {Passwords=abcd123$}</td>
<td><div><pre>java.lang.AssertionError: expected [true] but found [false]
	at tutorialsninja.tests.Register.verifyRegisteringAccountAndCheckingPasswordComplexityStandards(Register.java:597)
	at java.base/java.util.ArrayList.forEach(ArrayList.java:1596)
... Removed 29 stack frames</pre></div><a href='#' onClick='toggleBox("stack-trace887742093", this, "Click to show all stack frames", "Click to hide stack frames")'>Click to show all stack frames</a>
<div class='stack-trace' id='stack-trace887742093'><pre>java.lang.AssertionError: expected [true] but found [false]
	at org.testng.Assert.fail(Assert.java:111)
	at org.testng.Assert.failNotEquals(Assert.java:1578)
	at org.testng.Assert.assertTrue(Assert.java:57)
	at org.testng.Assert.assertTrue(Assert.java:67)
	at tutorialsninja.tests.Register.verifyRegisteringAccountAndCheckingPasswordComplexityStandards(Register.java:597)
	at java.base/jdk.internal.reflect.DirectMethodHandleAccessor.invoke(DirectMethodHandleAccessor.java:103)
	at java.base/java.lang.reflect.Method.invoke(Method.java:580)
	at org.testng.internal.invokers.MethodInvocationHelper.invokeMethod(MethodInvocationHelper.java:141)
	at org.testng.internal.invokers.TestInvoker.invokeMethod(TestInvoker.java:686)
	at org.testng.internal.invokers.TestInvoker.invokeTestMethod(TestInvoker.java:230)
	at org.testng.internal.invokers.MethodRunner.runInSequence(MethodRunner.java:63)
	at org.testng.internal.invokers.TestInvoker$MethodInvocationAgent.invoke(TestInvoker.java:992)
	at org.testng.internal.invokers.TestInvoker.invokeTestMethods(TestInvoker.java:203)
	at org.testng.internal.invokers.TestMethodWorker.invokeTestMethods(TestMethodWorker.java:154)
	at org.testng.internal.invokers.TestMethodWorker.run(TestMethodWorker.java:134)
	at java.base/java.util.ArrayList.forEach(ArrayList.java:1596)
	at org.testng.TestRunner.privateRun(TestRunner.java:739)
	at org.testng.TestRunner.run(TestRunner.java:614)
	at org.testng.SuiteRunner.runTest(SuiteRunner.java:421)
	at org.testng.SuiteRunner.runSequentially(SuiteRunner.java:413)
	at org.testng.SuiteRunner.privateRun(SuiteRunner.java:373)
	at org.testng.SuiteRunner.run(SuiteRunner.java:312)
	at org.testng.SuiteRunnerWorker.runSuite(SuiteRunnerWorker.java:52)
	at org.testng.SuiteRunnerWorker.run(SuiteRunnerWorker.java:95)
	at org.testng.TestNG.runSuitesSequentially(TestNG.java:1274)
	at org.testng.TestNG.runSuitesLocally(TestNG.java:1208)
	at org.testng.TestNG.runSuites(TestNG.java:1112)
	at org.testng.TestNG.run(TestNG.java:1079)
	at org.testng.remote.AbstractRemoteTestNG.run(AbstractRemoteTestNG.java:115)
	at org.testng.remote.RemoteTestNG.initAndRun(RemoteTestNG.java:293)
	at org.testng.remote.RemoteTestNG.main(RemoteTestNG.java:91)
</pre></div></td>
<td>4</td>
<td>tutorialsninja.tests.Register@33bc72d1</td></tr>
<tr>
<td title='tutorialsninja.tests.Login.verifyPasswordIsStoredInHTMLCodeOfThePage()'><b>verifyPasswordIsStoredInHTMLCodeOfThePage</b><br>Test class: tutorialsninja.tests.Login</td>
<td><div><pre>java.lang.AssertionError: expected [false] but found [true]
	at tutorialsninja.tests.Login.verifyPasswordIsStoredInHTMLCodeOfThePage(Login.java:217)
	at java.base/java.util.ArrayList.forEach(ArrayList.java:1596)
... Removed 29 stack frames</pre></div><a href='#' onClick='toggleBox("stack-trace372523345", this, "Click to show all stack frames", "Click to hide stack frames")'>Click to show all stack frames</a>
<div class='stack-trace' id='stack-trace372523345'><pre>java.lang.AssertionError: expected [false] but found [true]
	at org.testng.Assert.fail(Assert.java:111)
	at org.testng.Assert.failNotEquals(Assert.java:1578)
	at org.testng.Assert.assertFalse(Assert.java:79)
	at org.testng.Assert.assertFalse(Assert.java:89)
	at tutorialsninja.tests.Login.verifyPasswordIsStoredInHTMLCodeOfThePage(Login.java:217)
	at java.base/jdk.internal.reflect.DirectMethodHandleAccessor.invoke(DirectMethodHandleAccessor.java:103)
	at java.base/java.lang.reflect.Method.invoke(Method.java:580)
	at org.testng.internal.invokers.MethodInvocationHelper.invokeMethod(MethodInvocationHelper.java:141)
	at org.testng.internal.invokers.TestInvoker.invokeMethod(TestInvoker.java:686)
	at org.testng.internal.invokers.TestInvoker.invokeTestMethod(TestInvoker.java:230)
	at org.testng.internal.invokers.MethodRunner.runInSequence(MethodRunner.java:63)
	at org.testng.internal.invokers.TestInvoker$MethodInvocationAgent.invoke(TestInvoker.java:992)
	at org.testng.internal.invokers.TestInvoker.invokeTestMethods(TestInvoker.java:203)
	at org.testng.internal.invokers.TestMethodWorker.invokeTestMethods(TestMethodWorker.java:154)
	at org.testng.internal.invokers.TestMethodWorker.run(TestMethodWorker.java:134)
	at java.base/java.util.ArrayList.forEach(ArrayList.java:1596)
	at org.testng.TestRunner.privateRun(TestRunner.java:739)
	at org.testng.TestRunner.run(TestRunner.java:614)
	at org.testng.SuiteRunner.runTest(SuiteRunner.java:421)
	at org.testng.SuiteRunner.runSequentially(SuiteRunner.java:413)
	at org.testng.SuiteRunner.privateRun(SuiteRunner.java:373)
	at org.testng.SuiteRunner.run(SuiteRunner.java:312)
	at org.testng.SuiteRunnerWorker.runSuite(SuiteRunnerWorker.java:52)
	at org.testng.SuiteRunnerWorker.run(SuiteRunnerWorker.java:95)
	at org.testng.TestNG.runSuitesSequentially(TestNG.java:1274)
	at org.testng.TestNG.runSuitesLocally(TestNG.java:1208)
	at org.testng.TestNG.runSuites(TestNG.java:1112)
	at org.testng.TestNG.run(TestNG.java:1079)
	at org.testng.remote.AbstractRemoteTestNG.run(AbstractRemoteTestNG.java:115)
	at org.testng.remote.RemoteTestNG.initAndRun(RemoteTestNG.java:293)
	at org.testng.remote.RemoteTestNG.main(RemoteTestNG.java:91)
</pre></div></td>
<td>0</td>
<td>tutorialsninja.tests.Login@66982506</td></tr>
<tr>
<td title='tutorialsninja.tests.Register.verifyRegisteringAccountAndCheckingPasswordComplexityStandards()'><b>verifyRegisteringAccountAndCheckingPasswordComplexityStandards</b><br>Test class: tutorialsninja.tests.Register<br>Parameters: {Passwords=ABCD456#}</td>
<td><div><pre>java.lang.AssertionError: expected [true] but found [false]
	at tutorialsninja.tests.Register.verifyRegisteringAccountAndCheckingPasswordComplexityStandards(Register.java:597)
	at java.base/java.util.ArrayList.forEach(ArrayList.java:1596)
... Removed 29 stack frames</pre></div><a href='#' onClick='toggleBox("stack-trace333199419", this, "Click to show all stack frames", "Click to hide stack frames")'>Click to show all stack frames</a>
<div class='stack-trace' id='stack-trace333199419'><pre>java.lang.AssertionError: expected [true] but found [false]
	at org.testng.Assert.fail(Assert.java:111)
	at org.testng.Assert.failNotEquals(Assert.java:1578)
	at org.testng.Assert.assertTrue(Assert.java:57)
	at org.testng.Assert.assertTrue(Assert.java:67)
	at tutorialsninja.tests.Register.verifyRegisteringAccountAndCheckingPasswordComplexityStandards(Register.java:597)
	at java.base/jdk.internal.reflect.DirectMethodHandleAccessor.invoke(DirectMethodHandleAccessor.java:103)
	at java.base/java.lang.reflect.Method.invoke(Method.java:580)
	at org.testng.internal.invokers.MethodInvocationHelper.invokeMethod(MethodInvocationHelper.java:141)
	at org.testng.internal.invokers.TestInvoker.invokeMethod(TestInvoker.java:686)
	at org.testng.internal.invokers.TestInvoker.invokeTestMethod(TestInvoker.java:230)
	at org.testng.internal.invokers.MethodRunner.runInSequence(MethodRunner.java:63)
	at org.testng.internal.invokers.TestInvoker$MethodInvocationAgent.invoke(TestInvoker.java:992)
	at org.testng.internal.invokers.TestInvoker.invokeTestMethods(TestInvoker.java:203)
	at org.testng.internal.invokers.TestMethodWorker.invokeTestMethods(TestMethodWorker.java:154)
	at org.testng.internal.invokers.TestMethodWorker.run(TestMethodWorker.java:134)
	at java.base/java.util.ArrayList.forEach(ArrayList.java:1596)
	at org.testng.TestRunner.privateRun(TestRunner.java:739)
	at org.testng.TestRunner.run(TestRunner.java:614)
	at org.testng.SuiteRunner.runTest(SuiteRunner.java:421)
	at org.testng.SuiteRunner.runSequentially(SuiteRunner.java:413)
	at org.testng.SuiteRunner.privateRun(SuiteRunner.java:373)
	at org.testng.SuiteRunner.run(SuiteRunner.java:312)
	at org.testng.SuiteRunnerWorker.runSuite(SuiteRunnerWorker.java:52)
	at org.testng.SuiteRunnerWorker.run(SuiteRunnerWorker.java:95)
	at org.testng.TestNG.runSuitesSequentially(TestNG.java:1274)
	at org.testng.TestNG.runSuitesLocally(TestNG.java:1208)
	at org.testng.TestNG.runSuites(TestNG.java:1112)
	at org.testng.TestNG.run(TestNG.java:1079)
	at org.testng.remote.AbstractRemoteTestNG.run(AbstractRemoteTestNG.java:115)
	at org.testng.remote.RemoteTestNG.initAndRun(RemoteTestNG.java:293)
	at org.testng.remote.RemoteTestNG.main(RemoteTestNG.java:91)
</pre></div></td>
<td>4</td>
<td>tutorialsninja.tests.Register@33bc72d1</td></tr>
<tr>
<td title='tutorialsninja.tests.Register.verifyDataTestingOfRegisteringAccount()'><b>verifyDataTestingOfRegisteringAccount</b><br>Test class: tutorialsninja.tests.Register</td>
<td><div><pre>java.lang.AssertionError: expected [Arun] but found [null]
	at tutorialsninja.tests.Register.verifyDataTestingOfRegisteringAccount(Register.java:534)
	at java.base/java.util.ArrayList.forEach(ArrayList.java:1596)
... Removed 31 stack frames</pre></div><a href='#' onClick='toggleBox("stack-trace895697353", this, "Click to show all stack frames", "Click to hide stack frames")'>Click to show all stack frames</a>
<div class='stack-trace' id='stack-trace895697353'><pre>java.lang.AssertionError: expected [Arun] but found [null]
	at org.testng.Assert.fail(Assert.java:111)
	at org.testng.Assert.failNotEquals(Assert.java:1578)
	at org.testng.Assert.assertEqualsImpl(Assert.java:150)
	at org.testng.Assert.assertEquals(Assert.java:132)
	at org.testng.Assert.assertEquals(Assert.java:656)
	at org.testng.Assert.assertEquals(Assert.java:666)
	at tutorialsninja.tests.Register.verifyDataTestingOfRegisteringAccount(Register.java:534)
	at java.base/jdk.internal.reflect.DirectMethodHandleAccessor.invoke(DirectMethodHandleAccessor.java:103)
	at java.base/java.lang.reflect.Method.invoke(Method.java:580)
	at org.testng.internal.invokers.MethodInvocationHelper.invokeMethod(MethodInvocationHelper.java:141)
	at org.testng.internal.invokers.TestInvoker.invokeMethod(TestInvoker.java:686)
	at org.testng.internal.invokers.TestInvoker.invokeTestMethod(TestInvoker.java:230)
	at org.testng.internal.invokers.MethodRunner.runInSequence(MethodRunner.java:63)
	at org.testng.internal.invokers.TestInvoker$MethodInvocationAgent.invoke(TestInvoker.java:992)
	at org.testng.internal.invokers.TestInvoker.invokeTestMethods(TestInvoker.java:203)
	at org.testng.internal.invokers.TestMethodWorker.invokeTestMethods(TestMethodWorker.java:154)
	at org.testng.internal.invokers.TestMethodWorker.run(TestMethodWorker.java:134)
	at java.base/java.util.ArrayList.forEach(ArrayList.java:1596)
	at org.testng.TestRunner.privateRun(TestRunner.java:739)
	at org.testng.TestRunner.run(TestRunner.java:614)
	at org.testng.SuiteRunner.runTest(SuiteRunner.java:421)
	at org.testng.SuiteRunner.runSequentially(SuiteRunner.java:413)
	at org.testng.SuiteRunner.privateRun(SuiteRunner.java:373)
	at org.testng.SuiteRunner.run(SuiteRunner.java:312)
	at org.testng.SuiteRunnerWorker.runSuite(SuiteRunnerWorker.java:52)
	at org.testng.SuiteRunnerWorker.run(SuiteRunnerWorker.java:95)
	at org.testng.TestNG.runSuitesSequentially(TestNG.java:1274)
	at org.testng.TestNG.runSuitesLocally(TestNG.java:1208)
	at org.testng.TestNG.runSuites(TestNG.java:1112)
	at org.testng.TestNG.run(TestNG.java:1079)
	at org.testng.remote.AbstractRemoteTestNG.run(AbstractRemoteTestNG.java:115)
	at org.testng.remote.RemoteTestNG.initAndRun(RemoteTestNG.java:293)
	at org.testng.remote.RemoteTestNG.main(RemoteTestNG.java:91)
</pre></div></td>
<td>1</td>
<td>tutorialsninja.tests.Register@33bc72d1</td></tr>
<tr>
<td title='tutorialsninja.tests.Register.verifyConfirmationEmail()'><b>verifyConfirmationEmail</b><br>Test class: tutorialsninja.tests.Register</td>
<td><div><pre>java.lang.AssertionError: expected [true] but found [false]
	at tutorialsninja.tests.Register.verifyConfirmationEmail(Register.java:177)
	at java.base/java.util.ArrayList.forEach(ArrayList.java:1596)
... Removed 29 stack frames</pre></div><a href='#' onClick='toggleBox("stack-trace371156515", this, "Click to show all stack frames", "Click to hide stack frames")'>Click to show all stack frames</a>
<div class='stack-trace' id='stack-trace371156515'><pre>java.lang.AssertionError: expected [true] but found [false]
	at org.testng.Assert.fail(Assert.java:111)
	at org.testng.Assert.failNotEquals(Assert.java:1578)
	at org.testng.Assert.assertTrue(Assert.java:57)
	at org.testng.Assert.assertTrue(Assert.java:67)
	at tutorialsninja.tests.Register.verifyConfirmationEmail(Register.java:177)
	at java.base/jdk.internal.reflect.DirectMethodHandleAccessor.invoke(DirectMethodHandleAccessor.java:103)
	at java.base/java.lang.reflect.Method.invoke(Method.java:580)
	at org.testng.internal.invokers.MethodInvocationHelper.invokeMethod(MethodInvocationHelper.java:141)
	at org.testng.internal.invokers.TestInvoker.invokeMethod(TestInvoker.java:686)
	at org.testng.internal.invokers.TestInvoker.invokeTestMethod(TestInvoker.java:230)
	at org.testng.internal.invokers.MethodRunner.runInSequence(MethodRunner.java:63)
	at org.testng.internal.invokers.TestInvoker$MethodInvocationAgent.invoke(TestInvoker.java:992)
	at org.testng.internal.invokers.TestInvoker.invokeTestMethods(TestInvoker.java:203)
	at org.testng.internal.invokers.TestMethodWorker.invokeTestMethods(TestMethodWorker.java:154)
	at org.testng.internal.invokers.TestMethodWorker.run(TestMethodWorker.java:134)
	at java.base/java.util.ArrayList.forEach(ArrayList.java:1596)
	at org.testng.TestRunner.privateRun(TestRunner.java:739)
	at org.testng.TestRunner.run(TestRunner.java:614)
	at org.testng.SuiteRunner.runTest(SuiteRunner.java:421)
	at org.testng.SuiteRunner.runSequentially(SuiteRunner.java:413)
	at org.testng.SuiteRunner.privateRun(SuiteRunner.java:373)
	at org.testng.SuiteRunner.run(SuiteRunner.java:312)
	at org.testng.SuiteRunnerWorker.runSuite(SuiteRunnerWorker.java:52)
	at org.testng.SuiteRunnerWorker.run(SuiteRunnerWorker.java:95)
	at org.testng.TestNG.runSuitesSequentially(TestNG.java:1274)
	at org.testng.TestNG.runSuitesLocally(TestNG.java:1208)
	at org.testng.TestNG.runSuites(TestNG.java:1112)
	at org.testng.TestNG.run(TestNG.java:1079)
	at org.testng.remote.AbstractRemoteTestNG.run(AbstractRemoteTestNG.java:115)
	at org.testng.remote.RemoteTestNG.initAndRun(RemoteTestNG.java:293)
	at org.testng.remote.RemoteTestNG.main(RemoteTestNG.java:91)
</pre></div></td>
<td>8</td>
<td>tutorialsninja.tests.Register@33bc72d1</td></tr>
<tr>
<td title='tutorialsninja.tests.Register.verifyRegisteringAccountFieldsHeightWidthAligment()'><b>verifyRegisteringAccountFieldsHeightWidthAligment</b><br>Test class: tutorialsninja.tests.Register</td>
<td><div><pre>java.lang.AssertionError: expected [true] but found [false]
	at tutorialsninja.tests.Register.verifyRegisteringAccountFieldsHeightWidthAligment(Register.java:833)
	at java.base/java.util.ArrayList.forEach(ArrayList.java:1596)
... Removed 29 stack frames</pre></div><a href='#' onClick='toggleBox("stack-trace511154139", this, "Click to show all stack frames", "Click to hide stack frames")'>Click to show all stack frames</a>
<div class='stack-trace' id='stack-trace511154139'><pre>java.lang.AssertionError: expected [true] but found [false]
	at org.testng.Assert.fail(Assert.java:111)
	at org.testng.Assert.failNotEquals(Assert.java:1578)
	at org.testng.Assert.assertTrue(Assert.java:57)
	at org.testng.Assert.assertTrue(Assert.java:67)
	at tutorialsninja.tests.Register.verifyRegisteringAccountFieldsHeightWidthAligment(Register.java:833)
	at java.base/jdk.internal.reflect.DirectMethodHandleAccessor.invoke(DirectMethodHandleAccessor.java:103)
	at java.base/java.lang.reflect.Method.invoke(Method.java:580)
	at org.testng.internal.invokers.MethodInvocationHelper.invokeMethod(MethodInvocationHelper.java:141)
	at org.testng.internal.invokers.TestInvoker.invokeMethod(TestInvoker.java:686)
	at org.testng.internal.invokers.TestInvoker.invokeTestMethod(TestInvoker.java:230)
	at org.testng.internal.invokers.MethodRunner.runInSequence(MethodRunner.java:63)
	at org.testng.internal.invokers.TestInvoker$MethodInvocationAgent.invoke(TestInvoker.java:992)
	at org.testng.internal.invokers.TestInvoker.invokeTestMethods(TestInvoker.java:203)
	at org.testng.internal.invokers.TestMethodWorker.invokeTestMethods(TestMethodWorker.java:154)
	at org.testng.internal.invokers.TestMethodWorker.run(TestMethodWorker.java:134)
	at java.base/java.util.ArrayList.forEach(ArrayList.java:1596)
	at org.testng.TestRunner.privateRun(TestRunner.java:739)
	at org.testng.TestRunner.run(TestRunner.java:614)
	at org.testng.SuiteRunner.runTest(SuiteRunner.java:421)
	at org.testng.SuiteRunner.runSequentially(SuiteRunner.java:413)
	at org.testng.SuiteRunner.privateRun(SuiteRunner.java:373)
	at org.testng.SuiteRunner.run(SuiteRunner.java:312)
	at org.testng.SuiteRunnerWorker.runSuite(SuiteRunnerWorker.java:52)
	at org.testng.SuiteRunnerWorker.run(SuiteRunnerWorker.java:95)
	at org.testng.TestNG.runSuitesSequentially(TestNG.java:1274)
	at org.testng.TestNG.runSuitesLocally(TestNG.java:1208)
	at org.testng.TestNG.runSuites(TestNG.java:1112)
	at org.testng.TestNG.run(TestNG.java:1079)
	at org.testng.remote.AbstractRemoteTestNG.run(AbstractRemoteTestNG.java:115)
	at org.testng.remote.RemoteTestNG.initAndRun(RemoteTestNG.java:293)
	at org.testng.remote.RemoteTestNG.main(RemoteTestNG.java:91)
</pre></div></td>
<td>73</td>
<td>tutorialsninja.tests.Register@33bc72d1</td></tr>
<tr>
<td title='tutorialsninja.tests.Register.verifyRegisteringAccountAndCheckingPasswordComplexityStandards()'><b>verifyRegisteringAccountAndCheckingPasswordComplexityStandards</b><br>Test class: tutorialsninja.tests.Register<br>Parameters: {Passwords=12345.0}</td>
<td><div><pre>java.lang.AssertionError: expected [true] but found [false]
	at tutorialsninja.tests.Register.verifyRegisteringAccountAndCheckingPasswordComplexityStandards(Register.java:597)
	at java.base/java.util.ArrayList.forEach(ArrayList.java:1596)
... Removed 29 stack frames</pre></div><a href='#' onClick='toggleBox("stack-trace1528045817", this, "Click to show all stack frames", "Click to hide stack frames")'>Click to show all stack frames</a>
<div class='stack-trace' id='stack-trace1528045817'><pre>java.lang.AssertionError: expected [true] but found [false]
	at org.testng.Assert.fail(Assert.java:111)
	at org.testng.Assert.failNotEquals(Assert.java:1578)
	at org.testng.Assert.assertTrue(Assert.java:57)
	at org.testng.Assert.assertTrue(Assert.java:67)
	at tutorialsninja.tests.Register.verifyRegisteringAccountAndCheckingPasswordComplexityStandards(Register.java:597)
	at java.base/jdk.internal.reflect.DirectMethodHandleAccessor.invoke(DirectMethodHandleAccessor.java:103)
	at java.base/java.lang.reflect.Method.invoke(Method.java:580)
	at org.testng.internal.invokers.MethodInvocationHelper.invokeMethod(MethodInvocationHelper.java:141)
	at org.testng.internal.invokers.TestInvoker.invokeMethod(TestInvoker.java:686)
	at org.testng.internal.invokers.TestInvoker.invokeTestMethod(TestInvoker.java:230)
	at org.testng.internal.invokers.MethodRunner.runInSequence(MethodRunner.java:63)
	at org.testng.internal.invokers.TestInvoker$MethodInvocationAgent.invoke(TestInvoker.java:992)
	at org.testng.internal.invokers.TestInvoker.invokeTestMethods(TestInvoker.java:203)
	at org.testng.internal.invokers.TestMethodWorker.invokeTestMethods(TestMethodWorker.java:154)
	at org.testng.internal.invokers.TestMethodWorker.run(TestMethodWorker.java:134)
	at java.base/java.util.ArrayList.forEach(ArrayList.java:1596)
	at org.testng.TestRunner.privateRun(TestRunner.java:739)
	at org.testng.TestRunner.run(TestRunner.java:614)
	at org.testng.SuiteRunner.runTest(SuiteRunner.java:421)
	at org.testng.SuiteRunner.runSequentially(SuiteRunner.java:413)
	at org.testng.SuiteRunner.privateRun(SuiteRunner.java:373)
	at org.testng.SuiteRunner.run(SuiteRunner.java:312)
	at org.testng.SuiteRunnerWorker.runSuite(SuiteRunnerWorker.java:52)
	at org.testng.SuiteRunnerWorker.run(SuiteRunnerWorker.java:95)
	at org.testng.TestNG.runSuitesSequentially(TestNG.java:1274)
	at org.testng.TestNG.runSuitesLocally(TestNG.java:1208)
	at org.testng.TestNG.runSuites(TestNG.java:1112)
	at org.testng.TestNG.run(TestNG.java:1079)
	at org.testng.remote.AbstractRemoteTestNG.run(AbstractRemoteTestNG.java:115)
	at org.testng.remote.RemoteTestNG.initAndRun(RemoteTestNG.java:293)
	at org.testng.remote.RemoteTestNG.main(RemoteTestNG.java:91)
</pre></div></td>
<td>4</td>
<td>tutorialsninja.tests.Register@33bc72d1</td></tr>
<tr>
<td title='tutorialsninja.tests.Register.verifyRegisterAccountByProvidingInvalidTelephoneNumber()'><b>verifyRegisterAccountByProvidingInvalidTelephoneNumber</b><br>Test class: tutorialsninja.tests.Register</td>
<td><div><pre>java.lang.AssertionError: expected [true] but found [false]
	at tutorialsninja.tests.Register.verifyRegisterAccountByProvidingInvalidTelephoneNumber(Register.java:411)
	at java.base/java.util.ArrayList.forEach(ArrayList.java:1596)
... Removed 29 stack frames</pre></div><a href='#' onClick='toggleBox("stack-trace1549377783", this, "Click to show all stack frames", "Click to hide stack frames")'>Click to show all stack frames</a>
<div class='stack-trace' id='stack-trace1549377783'><pre>java.lang.AssertionError: expected [true] but found [false]
	at org.testng.Assert.fail(Assert.java:111)
	at org.testng.Assert.failNotEquals(Assert.java:1578)
	at org.testng.Assert.assertTrue(Assert.java:57)
	at org.testng.Assert.assertTrue(Assert.java:67)
	at tutorialsninja.tests.Register.verifyRegisterAccountByProvidingInvalidTelephoneNumber(Register.java:411)
	at java.base/jdk.internal.reflect.DirectMethodHandleAccessor.invoke(DirectMethodHandleAccessor.java:103)
	at java.base/java.lang.reflect.Method.invoke(Method.java:580)
	at org.testng.internal.invokers.MethodInvocationHelper.invokeMethod(MethodInvocationHelper.java:141)
	at org.testng.internal.invokers.TestInvoker.invokeMethod(TestInvoker.java:686)
	at org.testng.internal.invokers.TestInvoker.invokeTestMethod(TestInvoker.java:230)
	at org.testng.internal.invokers.MethodRunner.runInSequence(MethodRunner.java:63)
	at org.testng.internal.invokers.TestInvoker$MethodInvocationAgent.invoke(TestInvoker.java:992)
	at org.testng.internal.invokers.TestInvoker.invokeTestMethods(TestInvoker.java:203)
	at org.testng.internal.invokers.TestMethodWorker.invokeTestMethods(TestMethodWorker.java:154)
	at org.testng.internal.invokers.TestMethodWorker.run(TestMethodWorker.java:134)
	at java.base/java.util.ArrayList.forEach(ArrayList.java:1596)
	at org.testng.TestRunner.privateRun(TestRunner.java:739)
	at org.testng.TestRunner.run(TestRunner.java:614)
	at org.testng.SuiteRunner.runTest(SuiteRunner.java:421)
	at org.testng.SuiteRunner.runSequentially(SuiteRunner.java:413)
	at org.testng.SuiteRunner.privateRun(SuiteRunner.java:373)
	at org.testng.SuiteRunner.run(SuiteRunner.java:312)
	at org.testng.SuiteRunnerWorker.runSuite(SuiteRunnerWorker.java:52)
	at org.testng.SuiteRunnerWorker.run(SuiteRunnerWorker.java:95)
	at org.testng.TestNG.runSuitesSequentially(TestNG.java:1274)
	at org.testng.TestNG.runSuitesLocally(TestNG.java:1208)
	at org.testng.TestNG.runSuites(TestNG.java:1112)
	at org.testng.TestNG.run(TestNG.java:1079)
	at org.testng.remote.AbstractRemoteTestNG.run(AbstractRemoteTestNG.java:115)
	at org.testng.remote.RemoteTestNG.initAndRun(RemoteTestNG.java:293)
	at org.testng.remote.RemoteTestNG.main(RemoteTestNG.java:91)
</pre></div></td>
<td>4</td>
<td>tutorialsninja.tests.Register@33bc72d1</td></tr>
<tr>
<td title='tutorialsninja.tests.Register.verifyRegisteringAccountAndCheckingPasswordComplexityStandards()'><b>verifyRegisteringAccountAndCheckingPasswordComplexityStandards</b><br>Test class: tutorialsninja.tests.Register<br>Parameters: {Passwords=abcd1234}</td>
<td><div><pre>java.lang.AssertionError: expected [true] but found [false]
	at tutorialsninja.tests.Register.verifyRegisteringAccountAndCheckingPasswordComplexityStandards(Register.java:597)
	at java.base/java.util.ArrayList.forEach(ArrayList.java:1596)
... Removed 29 stack frames</pre></div><a href='#' onClick='toggleBox("stack-trace778350106", this, "Click to show all stack frames", "Click to hide stack frames")'>Click to show all stack frames</a>
<div class='stack-trace' id='stack-trace778350106'><pre>java.lang.AssertionError: expected [true] but found [false]
	at org.testng.Assert.fail(Assert.java:111)
	at org.testng.Assert.failNotEquals(Assert.java:1578)
	at org.testng.Assert.assertTrue(Assert.java:57)
	at org.testng.Assert.assertTrue(Assert.java:67)
	at tutorialsninja.tests.Register.verifyRegisteringAccountAndCheckingPasswordComplexityStandards(Register.java:597)
	at java.base/jdk.internal.reflect.DirectMethodHandleAccessor.invoke(DirectMethodHandleAccessor.java:103)
	at java.base/java.lang.reflect.Method.invoke(Method.java:580)
	at org.testng.internal.invokers.MethodInvocationHelper.invokeMethod(MethodInvocationHelper.java:141)
	at org.testng.internal.invokers.TestInvoker.invokeMethod(TestInvoker.java:686)
	at org.testng.internal.invokers.TestInvoker.invokeTestMethod(TestInvoker.java:230)
	at org.testng.internal.invokers.MethodRunner.runInSequence(MethodRunner.java:63)
	at org.testng.internal.invokers.TestInvoker$MethodInvocationAgent.invoke(TestInvoker.java:992)
	at org.testng.internal.invokers.TestInvoker.invokeTestMethods(TestInvoker.java:203)
	at org.testng.internal.invokers.TestMethodWorker.invokeTestMethods(TestMethodWorker.java:154)
	at org.testng.internal.invokers.TestMethodWorker.run(TestMethodWorker.java:134)
	at java.base/java.util.ArrayList.forEach(ArrayList.java:1596)
	at org.testng.TestRunner.privateRun(TestRunner.java:739)
	at org.testng.TestRunner.run(TestRunner.java:614)
	at org.testng.SuiteRunner.runTest(SuiteRunner.java:421)
	at org.testng.SuiteRunner.runSequentially(SuiteRunner.java:413)
	at org.testng.SuiteRunner.privateRun(SuiteRunner.java:373)
	at org.testng.SuiteRunner.run(SuiteRunner.java:312)
	at org.testng.SuiteRunnerWorker.runSuite(SuiteRunnerWorker.java:52)
	at org.testng.SuiteRunnerWorker.run(SuiteRunnerWorker.java:95)
	at org.testng.TestNG.runSuitesSequentially(TestNG.java:1274)
	at org.testng.TestNG.runSuitesLocally(TestNG.java:1208)
	at org.testng.TestNG.runSuites(TestNG.java:1112)
	at org.testng.TestNG.run(TestNG.java:1079)
	at org.testng.remote.AbstractRemoteTestNG.run(AbstractRemoteTestNG.java:115)
	at org.testng.remote.RemoteTestNG.initAndRun(RemoteTestNG.java:293)
	at org.testng.remote.RemoteTestNG.main(RemoteTestNG.java:91)
</pre></div></td>
<td>4</td>
<td>tutorialsninja.tests.Register@33bc72d1</td></tr>
</table><p>
<table width='100%' border='1' class='invocation-passed'>
<tr><td colspan='4' align='center'><b>PASSED TESTS</b></td></tr>
<tr><td><b>Test method</b></td>
<td><b>Attribute(s)</b></td>
<td width="30%"><b>Exception</b></td>
<td width="10%"><b>Time (seconds)</b></td>
<td><b>Instance</b></td>
</tr>
<tr>
<td title='tutorialsninja.tests.Register.verifyRegisteringAccountWithInvalidEmails()'><b>verifyRegisteringAccountWithInvalidEmails</b><br>Test class: tutorialsninja.tests.Register</td>
<td></td>
<td>14</td>
<td>tutorialsninja.tests.Register@33bc72d1</td></tr>
<tr>
<td title='tutorialsninja.tests.Register.verifyWorkingOfEveryLinkOnRegisterAccountPage()'><b>verifyWorkingOfEveryLinkOnRegisterAccountPage</b><br>Test class: tutorialsninja.tests.Register</td>
<td></td>
<td>29</td>
<td>tutorialsninja.tests.Register@33bc72d1</td></tr>
<tr>
<td title='tutorialsninja.tests.Login.verifyUIOfLoginPage()'><b>verifyUIOfLoginPage</b><br>Test class: tutorialsninja.tests.Login</td>
<td></td>
<td>0</td>
<td>tutorialsninja.tests.Login@66982506</td></tr>
<tr>
<td title='tutorialsninja.tests.Login.verifyLoginWithoutCredentials()'><b>verifyLoginWithoutCredentials</b><br>Test class: tutorialsninja.tests.Login</td>
<td></td>
<td>0</td>
<td>tutorialsninja.tests.Login@66982506</td></tr>
<tr>
<td title='tutorialsninja.tests.Login.verifyLoginWithValidEmailAndInvalidPassword()'><b>verifyLoginWithValidEmailAndInvalidPassword</b><br>Test class: tutorialsninja.tests.Login</td>
<td></td>
<td>0</td>
<td>tutorialsninja.tests.Login@66982506</td></tr>
<tr>
<td title='tutorialsninja.tests.Register.verifyVisibiltyTogglineOfPasswordsFieldsOnRegisterAccount()'><b>verifyVisibiltyTogglineOfPasswordsFieldsOnRegisterAccount</b><br>Test class: tutorialsninja.tests.Register</td>
<td></td>
<td>0</td>
<td>tutorialsninja.tests.Register@33bc72d1</td></tr>
<tr>
<td title='tutorialsninja.tests.Register.verifyRegisteringAccountBySayingNoToNewsletter()'><b>verifyRegisteringAccountBySayingNoToNewsletter</b><br>Test class: tutorialsninja.tests.Register</td>
<td></td>
<td>2</td>
<td>tutorialsninja.tests.Register@33bc72d1</td></tr>
<tr>
<td title='tutorialsninja.tests.Register.verifyRegisteringAccountByProvidingMismatchingPasswords()'><b>verifyRegisteringAccountByProvidingMismatchingPasswords</b><br>Test class: tutorialsninja.tests.Register</td>
<td></td>
<td>1</td>
<td>tutorialsninja.tests.Register@33bc72d1</td></tr>
<tr>
<td title='tutorialsninja.tests.Register.verifyRegisteringAccountWithoutPrivacyPolicySelection()'><b>verifyRegisteringAccountWithoutPrivacyPolicySelection</b><br>Test class: tutorialsninja.tests.Register</td>
<td></td>
<td>0</td>
<td>tutorialsninja.tests.Register@33bc72d1</td></tr>
<tr>
<td title='tutorialsninja.tests.Login.verifyLoginFunctionalityInAllEnvironments()'><b>verifyLoginFunctionalityInAllEnvironments</b><br>Test class: tutorialsninja.tests.Login</td>
<td></td>
<td>1</td>
<td>tutorialsninja.tests.Login@66982506</td></tr>
<tr>
<td title='tutorialsninja.tests.Login.verifyLoggingIntoTheApplicationUsingKeyboardKeys()'><b>verifyLoggingIntoTheApplicationUsingKeyboardKeys</b><br>Test class: tutorialsninja.tests.Login</td>
<td></td>
<td>6</td>
<td>tutorialsninja.tests.Login@66982506</td></tr>
<tr>
<td title='tutorialsninja.tests.Login.verifyBrowserBackAfterLoggingOut()'><b>verifyBrowserBackAfterLoggingOut</b><br>Test class: tutorialsninja.tests.Login</td>
<td></td>
<td>2</td>
<td>tutorialsninja.tests.Login@66982506</td></tr>
<tr>
<td title='tutorialsninja.tests.Register.verifyRegisteringAccountUsingKeyboardKeys()'><b>verifyRegisteringAccountUsingKeyboardKeys</b><br>Test class: tutorialsninja.tests.Register</td>
<td></td>
<td>20</td>
<td>tutorialsninja.tests.Register@33bc72d1</td></tr>
<tr>
<td title='tutorialsninja.tests.Register.verifyRegisteringAccountInDifferentTestEnvironments()'><b>verifyRegisteringAccountInDifferentTestEnvironments</b><br>Test class: tutorialsninja.tests.Register</td>
<td></td>
<td>2</td>
<td>tutorialsninja.tests.Register@33bc72d1</td></tr>
<tr>
<td title='tutorialsninja.tests.Register.verifyRegisteringAccountWithOnlySpaces()'><b>verifyRegisteringAccountWithOnlySpaces</b><br>Test class: tutorialsninja.tests.Register</td>
<td></td>
<td>1</td>
<td>tutorialsninja.tests.Register@33bc72d1</td></tr>
<tr>
<td title='tutorialsninja.tests.Login.verifyLoginWithInvalidEmailAndValidPassword()'><b>verifyLoginWithInvalidEmailAndValidPassword</b><br>Test class: tutorialsninja.tests.Login</td>
<td></td>
<td>0</td>
<td>tutorialsninja.tests.Login@66982506</td></tr>
<tr>
<td title='tutorialsninja.tests.Login.verifyLoginWithInvalidCredentials()'><b>verifyLoginWithInvalidCredentials</b><br>Test class: tutorialsninja.tests.Login</td>
<td></td>
<td>0</td>
<td>tutorialsninja.tests.Login@66982506</td></tr>
<tr>
<td title='tutorialsninja.tests.Register.verifyRegisteringAccountWithoutEnteringPasswordIntoPasswordConfirmField()'><b>verifyRegisteringAccountWithoutEnteringPasswordIntoPasswordConfirmField</b><br>Test class: tutorialsninja.tests.Register</td>
<td></td>
<td>1</td>
<td>tutorialsninja.tests.Register@33bc72d1</td></tr>
<tr>
<td title='tutorialsninja.tests.Login.verifyLoginFieldsPlaceholders()'><b>verifyLoginFieldsPlaceholders</b><br>Test class: tutorialsninja.tests.Login</td>
<td></td>
<td>0</td>
<td>tutorialsninja.tests.Login@66982506</td></tr>
<tr>
<td title='tutorialsninja.tests.Login.verifyCopyingOfTextEnteredIntoPasswordField()'><b>verifyCopyingOfTextEnteredIntoPasswordField</b><br>Test class: tutorialsninja.tests.Login</td>
<td></td>
<td>0</td>
<td>tutorialsninja.tests.Login@66982506</td></tr>
<tr>
<td title='tutorialsninja.tests.Register.verifyPlaceHoldersOfTextFieldsInRegisterAccountPage()'><b>verifyPlaceHoldersOfTextFieldsInRegisterAccountPage</b><br>Test class: tutorialsninja.tests.Register</td>
<td></td>
<td>0</td>
<td>tutorialsninja.tests.Register@33bc72d1</td></tr>
<tr>
<td title='tutorialsninja.tests.Login.verifyBreadCrumbPageHeadingTitleAndPageURLOfLoginPage()'><b>verifyBreadCrumbPageHeadingTitleAndPageURLOfLoginPage</b><br>Test class: tutorialsninja.tests.Login</td>
<td></td>
<td>0</td>
<td>tutorialsninja.tests.Login@66982506</td></tr>
<tr>
<td title='tutorialsninja.tests.Register.verifyBreadcrumbURLHeadingTitleOfRegisterAccountPage()'><b>verifyBreadcrumbURLHeadingTitleOfRegisterAccountPage</b><br>Test class: tutorialsninja.tests.Register</td>
<td></td>
<td>0</td>
<td>tutorialsninja.tests.Register@33bc72d1</td></tr>
<tr>
<td title='tutorialsninja.tests.Register.verifyRegisteringWithMandatoryFields()'><b>verifyRegisteringWithMandatoryFields</b><br>Test class: tutorialsninja.tests.Register</td>
<td></td>
<td>2</td>
<td>tutorialsninja.tests.Register@33bc72d1</td></tr>
<tr>
<td title='tutorialsninja.tests.Login.verifyTextEnteredIntoPasswordFieldIsToggledToHideItsVisibility()'><b>verifyTextEnteredIntoPasswordFieldIsToggledToHideItsVisibility</b><br>Test class: tutorialsninja.tests.Login</td>
<td></td>
<td>0</td>
<td>tutorialsninja.tests.Login@66982506</td></tr>
<tr>
<td title='tutorialsninja.tests.Register.verifyNavigatingToRegisterAccountUsingMultipleWay()'><b>verifyNavigatingToRegisterAccountUsingMultipleWay</b><br>Test class: tutorialsninja.tests.Register</td>
<td></td>
<td>2</td>
<td>tutorialsninja.tests.Register@33bc72d1</td></tr>
<tr>
<td title='tutorialsninja.tests.Register.verifyUIOfRegisterAccountPage()'><b>verifyUIOfRegisterAccountPage</b><br>Test class: tutorialsninja.tests.Register</td>
<td></td>
<td>0</td>
<td>tutorialsninja.tests.Register@33bc72d1</td></tr>
<tr>
<td title='tutorialsninja.tests.Register.verifyLeadingAndTrailingSpacesWhileRegisteringAccount()'><b>verifyLeadingAndTrailingSpacesWhileRegisteringAccount</b><br>Test class: tutorialsninja.tests.Register</td>
<td></td>
<td>0</td>
<td>tutorialsninja.tests.Register@33bc72d1</td></tr>
<tr>
<td title='tutorialsninja.tests.Login.verifyDifferentWaysOfNavigatingToLoginPage()'><b>verifyDifferentWaysOfNavigatingToLoginPage</b><br>Test class: tutorialsninja.tests.Login</td>
<td></td>
<td>2</td>
<td>tutorialsninja.tests.Login@66982506</td></tr>
<tr>
<td title='tutorialsninja.tests.Register.verifyRegistringAccountWithoutFillFields()'><b>verifyRegistringAccountWithoutFillFields</b><br>Test class: tutorialsninja.tests.Register</td>
<td></td>
<td>0</td>
<td>tutorialsninja.tests.Register@33bc72d1</td></tr>
<tr>
<td title='tutorialsninja.tests.Login.verifyLoggingIntoApplicationAfterChaningPassword()'><b>verifyLoggingIntoApplicationAfterChaningPassword</b><br>Test class: tutorialsninja.tests.Login</td>
<td></td>
<td>6</td>
<td>tutorialsninja.tests.Login@66982506</td></tr>
<tr>
<td title='tutorialsninja.tests.Register.verifyRegistringAccountUsingExistingEmail()'><b>verifyRegistringAccountUsingExistingEmail</b><br>Test class: tutorialsninja.tests.Register</td>
<td></td>
<td>1</td>
<td>tutorialsninja.tests.Register@33bc72d1</td></tr>
<tr>
<td title='tutorialsninja.tests.Login.verifyLoginWithInactiveCredentials()'><b>verifyLoginWithInactiveCredentials</b><br>Test class: tutorialsninja.tests.Login</td>
<td></td>
<td>0</td>
<td>tutorialsninja.tests.Login@66982506</td></tr>
<tr>
<td title='tutorialsninja.tests.Login.verifyForgottendPasswordLinkOnLoginPage()'><b>verifyForgottendPasswordLinkOnLoginPage</b><br>Test class: tutorialsninja.tests.Login</td>
<td></td>
<td>0</td>
<td>tutorialsninja.tests.Login@66982506</td></tr>
<tr>
<td title='tutorialsninja.tests.Login.verifyNavigatingToDifferentPagesFromLoginPage()'><b>verifyNavigatingToDifferentPagesFromLoginPage</b><br>Test class: tutorialsninja.tests.Login</td>
<td></td>
<td>25</td>
<td>tutorialsninja.tests.Login@66982506</td></tr>
<tr>
<td title='tutorialsninja.tests.Register.verifyPrivacyPolicyFieldOnRegisterAccountPage()'><b>verifyPrivacyPolicyFieldOnRegisterAccountPage</b><br>Test class: tutorialsninja.tests.Register</td>
<td></td>
<td>0</td>
<td>tutorialsninja.tests.Register@33bc72d1</td></tr>
<tr>
<td title='tutorialsninja.tests.Register.verifyRegisteringAccountBySubscribingToNewsletter()'><b>verifyRegisteringAccountBySubscribingToNewsletter</b><br>Test class: tutorialsninja.tests.Register</td>
<td></td>
<td>2</td>
<td>tutorialsninja.tests.Register@33bc72d1</td></tr>
<tr>
<td title='tutorialsninja.tests.Register.verifyRegisterAccountWithAllFields()'><b>verifyRegisterAccountWithAllFields</b><br>Test class: tutorialsninja.tests.Register</td>
<td></td>
<td>2</td>
<td>tutorialsninja.tests.Register@33bc72d1</td></tr>
<tr>
<td title='tutorialsninja.tests.Login.verifyBrowserBackAfterLogin()'><b>verifyBrowserBackAfterLogin</b><br>Test class: tutorialsninja.tests.Login</td>
<td></td>
<td>1</td>
<td>tutorialsninja.tests.Login@66982506</td></tr>
<tr>
<td title='tutorialsninja.tests.Login.verifyLoginWithValidCredentials()'><b>verifyLoginWithValidCredentials</b><br>Test class: tutorialsninja.tests.Login</td>
<td></td>
<td>1</td>
<td>tutorialsninja.tests.Login@66982506</td></tr>
<tr>
<td title='tutorialsninja.tests.Login.verifyNumberOfUnsuccessfulLoginAttemps()'><b>verifyNumberOfUnsuccessfulLoginAttemps</b><br>Test class: tutorialsninja.tests.Login</td>
<td></td>
<td>2</td>
<td>tutorialsninja.tests.Login@66982506</td></tr>
</table><p>
</body>
</html>